This is pdfTeX, Version 3.141592653-2.6-1.40.25 (TeX Live 2023/Homebrew) (preloaded format=pdflatex 2023.6.22)  3 JUN 2024 19:49
entering extended mode
 \write18 enabled.
 file:line:error style messages enabled.
 %&-line parsing enabled.
**/Users/pataei/Desktop/Projects/Cybermycelium-big-data-research/Cybermycelium-Big-Data-Research.tex
(/Users/pataei/Desktop/Projects/Cybermycelium-big-data-research/Cybermycelium-Big-Data-Research.tex
LaTeX2e <2022-11-01> patch level 1
L3 programming layer <2023-02-22> (/opt/homebrew/Cellar/texlive/20230313_2/share/texmf-dist/tex/latex/elsarticle/elsarticle.cls
Document Class: elsarticle 2020/11/20, 3.3: Elsevier Ltd
(/opt/homebrew/Cellar/texlive/20230313_2/share/texmf-dist/tex/latex/l3kernel/expl3.sty
Package: expl3 2023-02-22 L3 programming layer (loader) 
 (/opt/homebrew/Cellar/texlive/20230313_2/share/texmf-dist/tex/latex/l3backend/l3backend-pdftex.def
File: l3backend-pdftex.def 2023-01-16 L3 backend support: PDF output (pdfTeX)
\l__color_backend_stack_int=\count185
\l__pdf_internal_box=\box51
)) (/opt/homebrew/Cellar/texlive/20230313_2/share/texmf-dist/tex/latex/l3packages/xparse/xparse.sty
Package: xparse 2023-02-02 L3 Experimental document command parser
) (/opt/homebrew/Cellar/texlive/20230313_2/share/texmf-dist/tex/latex/etoolbox/etoolbox.sty
Package: etoolbox 2020/10/05 v2.5k e-TeX tools for LaTeX (JAW)
\etb@tempcnta=\count186
)
\@bls=\dimen140
 (/opt/homebrew/Cellar/texlive/20230313_2/share/texmf-dist/tex/latex/base/article.cls
Document Class: article 2022/07/02 v1.4n Standard LaTeX document class
(/opt/homebrew/Cellar/texlive/20230313_2/share/texmf-dist/tex/latex/base/size10.clo
File: size10.clo 2022/07/02 v1.4n Standard LaTeX file (size option)
)
\c@part=\count187
\c@section=\count188
\c@subsection=\count189
\c@subsubsection=\count190
\c@paragraph=\count191
\c@subparagraph=\count192
\c@figure=\count193
\c@table=\count194
\abovecaptionskip=\skip48
\belowcaptionskip=\skip49
\bibindent=\dimen141
) (/opt/homebrew/Cellar/texlive/20230313_2/share/texmf-dist/tex/latex/graphics/graphicx.sty
Package: graphicx 2021/09/16 v1.2d Enhanced LaTeX Graphics (DPC,SPQR)
 (/opt/homebrew/Cellar/texlive/20230313_2/share/texmf-dist/tex/latex/graphics/keyval.sty
Package: keyval 2022/05/29 v1.15 key=value parser (DPC)
\KV@toks@=\toks16
) (/opt/homebrew/Cellar/texlive/20230313_2/share/texmf-dist/tex/latex/graphics/graphics.sty
Package: graphics 2022/03/10 v1.4e Standard LaTeX Graphics (DPC,SPQR)
 (/opt/homebrew/Cellar/texlive/20230313_2/share/texmf-dist/tex/latex/graphics/trig.sty
Package: trig 2021/08/11 v1.11 sin cos tan (DPC)
) (/opt/homebrew/Cellar/texlive/20230313_2/share/texmf-dist/tex/latex/graphics-cfg/graphics.cfg
File: graphics.cfg 2016/06/04 v1.11 sample graphics configuration
)
Package graphics Info: Driver file: pdftex.def on input line 107.
 (/opt/homebrew/Cellar/texlive/20230313_2/share/texmf-dist/tex/latex/graphics-def/pdftex.def
File: pdftex.def 2022/09/22 v1.2b Graphics/color driver for pdftex
))
\Gin@req@height=\dimen142
\Gin@req@width=\dimen143
)
\c@tnote=\count195
\c@fnote=\count196
\c@cnote=\count197
\c@ead=\count198
\c@author=\count199
\@eadauthor=\toks17
\c@affn=\count266
\absbox=\box52
\elsarticlehighlightsbox=\box53
\elsarticlegrabsbox=\box54
\keybox=\box55
\Columnwidth=\dimen144
\space@left=\dimen145
\els@boxa=\box56
\els@boxb=\box57
\leftMargin=\dimen146
\@enLab=\toks18
\@sep=\skip50
\@@sep=\skip51
 (./Cybermycelium-Big-Data-Research.spl) (/opt/homebrew/Cellar/texlive/20230313_2/share/texmf-dist/tex/latex/natbib/natbib.sty
Package: natbib 2010/09/13 8.31b (PWD, AO)
\bibhang=\skip52
\bibsep=\skip53
LaTeX Info: Redefining \cite on input line 694.
\c@NAT@ctr=\count267
)
\splwrite=\write3
\openout3 = `Cybermycelium-Big-Data-Research.spl'.

\appnamewidth=\dimen147
) (/opt/homebrew/Cellar/texlive/20230313_2/share/texmf-dist/tex/latex/lineno/lineno.sty
Package: lineno 2023/01/19 line numbers on paragraphs v5.1
\linenopenalty=\count268
\output=\toks19
\linenoprevgraf=\count269
\linenumbersep=\dimen148
\linenumberwidth=\dimen149
\c@linenumber=\count270
\c@pagewiselinenumber=\count271
\c@LN@truepage=\count272
\c@internallinenumber=\count273
\c@internallinenumbers=\count274
\quotelinenumbersep=\dimen150
\bframerule=\dimen151
\bframesep=\dimen152
\bframebox=\box58
LaTeX Info: Redefining \\ on input line 3131.
) (/opt/homebrew/Cellar/texlive/20230313_2/share/texmf-dist/tex/latex/hyperref/hyperref.sty
Package: hyperref 2023-02-07 v7.00v Hypertext links for LaTeX
 (/opt/homebrew/Cellar/texlive/20230313_2/share/texmf-dist/tex/generic/ltxcmds/ltxcmds.sty
Package: ltxcmds 2020-05-10 v1.25 LaTeX kernel commands for general use (HO)
) (/opt/homebrew/Cellar/texlive/20230313_2/share/texmf-dist/tex/generic/iftex/iftex.sty
Package: iftex 2022/02/03 v1.0f TeX engine tests
) (/opt/homebrew/Cellar/texlive/20230313_2/share/texmf-dist/tex/generic/pdftexcmds/pdftexcmds.sty
Package: pdftexcmds 2020-06-27 v0.33 Utility functions of pdfTeX for LuaTeX (HO)
 (/opt/homebrew/Cellar/texlive/20230313_2/share/texmf-dist/tex/generic/infwarerr/infwarerr.sty
Package: infwarerr 2019/12/03 v1.5 Providing info/warning/error messages (HO)
)
Package pdftexcmds Info: \pdf@primitive is available.
Package pdftexcmds Info: \pdf@ifprimitive is available.
Package pdftexcmds Info: \pdfdraftmode found.
) (/opt/homebrew/Cellar/texlive/20230313_2/share/texmf-dist/tex/latex/kvsetkeys/kvsetkeys.sty
Package: kvsetkeys 2022-10-05 v1.19 Key value parser (HO)
) (/opt/homebrew/Cellar/texlive/20230313_2/share/texmf-dist/tex/generic/kvdefinekeys/kvdefinekeys.sty
Package: kvdefinekeys 2019-12-19 v1.6 Define keys (HO)
) (/opt/homebrew/Cellar/texlive/20230313_2/share/texmf-dist/tex/generic/pdfescape/pdfescape.sty
Package: pdfescape 2019/12/09 v1.15 Implements pdfTeX's escape features (HO)
) (/opt/homebrew/Cellar/texlive/20230313_2/share/texmf-dist/tex/latex/hycolor/hycolor.sty
Package: hycolor 2020-01-27 v1.10 Color options for hyperref/bookmark (HO)
) (/opt/homebrew/Cellar/texlive/20230313_2/share/texmf-dist/tex/latex/letltxmacro/letltxmacro.sty
Package: letltxmacro 2019/12/03 v1.6 Let assignment for LaTeX macros (HO)
) (/opt/homebrew/Cellar/texlive/20230313_2/share/texmf-dist/tex/latex/auxhook/auxhook.sty
Package: auxhook 2019-12-17 v1.6 Hooks for auxiliary files (HO)
) (/opt/homebrew/Cellar/texlive/20230313_2/share/texmf-dist/tex/latex/hyperref/nameref.sty
Package: nameref 2022-05-17 v2.50 Cross-referencing by name of section
 (/opt/homebrew/Cellar/texlive/20230313_2/share/texmf-dist/tex/latex/refcount/refcount.sty
Package: refcount 2019/12/15 v3.6 Data extraction from label references (HO)
) (/opt/homebrew/Cellar/texlive/20230313_2/share/texmf-dist/tex/generic/gettitlestring/gettitlestring.sty
Package: gettitlestring 2019/12/15 v1.6 Cleanup title references (HO)
 (/opt/homebrew/Cellar/texlive/20230313_2/share/texmf-dist/tex/latex/kvoptions/kvoptions.sty
Package: kvoptions 2022-06-15 v3.15 Key value format for package options (HO)
))
\c@section@level=\count275
)
\@linkdim=\dimen153
\Hy@linkcounter=\count276
\Hy@pagecounter=\count277
 (/opt/homebrew/Cellar/texlive/20230313_2/share/texmf-dist/tex/latex/hyperref/pd1enc.def
File: pd1enc.def 2023-02-07 v7.00v Hyperref: PDFDocEncoding definition (HO)
Now handling font encoding PD1 ...
... no UTF-8 mapping file for font encoding PD1
) (/opt/homebrew/Cellar/texlive/20230313_2/share/texmf-dist/tex/generic/intcalc/intcalc.sty
Package: intcalc 2019/12/15 v1.3 Expandable calculations with integers (HO)
) (/opt/homebrew/Cellar/texlive/20230313_2/share/texmf-dist/tex/generic/etexcmds/etexcmds.sty
Package: etexcmds 2019/12/15 v1.7 Avoid name clashes with e-TeX commands (HO)
)
\Hy@SavedSpaceFactor=\count278
 (/opt/homebrew/Cellar/texlive/20230313_2/share/texmf-dist/tex/latex/hyperref/puenc.def
File: puenc.def 2023-02-07 v7.00v Hyperref: PDF Unicode definition (HO)
Now handling font encoding PU ...
... no UTF-8 mapping file for font encoding PU
)
Package hyperref Info: Hyper figures OFF on input line 4177.
Package hyperref Info: Link nesting OFF on input line 4182.
Package hyperref Info: Hyper index ON on input line 4185.
Package hyperref Info: Plain pages OFF on input line 4192.
Package hyperref Info: Backreferencing OFF on input line 4197.
Package hyperref Info: Implicit mode ON; LaTeX internals redefined.
Package hyperref Info: Bookmarks ON on input line 4425.
\c@Hy@tempcnt=\count279
 (/opt/homebrew/Cellar/texlive/20230313_2/share/texmf-dist/tex/latex/url/url.sty
\Urlmuskip=\muskip16
Package: url 2013/09/16  ver 3.4  Verb mode for urls, etc.
)
LaTeX Info: Redefining \url on input line 4763.
\XeTeXLinkMargin=\dimen154
 (/opt/homebrew/Cellar/texlive/20230313_2/share/texmf-dist/tex/generic/bitset/bitset.sty
Package: bitset 2019/12/09 v1.3 Handle bit-vector datatype (HO)
 (/opt/homebrew/Cellar/texlive/20230313_2/share/texmf-dist/tex/generic/bigintcalc/bigintcalc.sty
Package: bigintcalc 2019/12/15 v1.5 Expandable calculations on big integers (HO)
))
\Fld@menulength=\count280
\Field@Width=\dimen155
\Fld@charsize=\dimen156
Package hyperref Info: Hyper figures OFF on input line 6042.
Package hyperref Info: Link nesting OFF on input line 6047.
Package hyperref Info: Hyper index ON on input line 6050.
Package hyperref Info: backreferencing OFF on input line 6057.
Package hyperref Info: Link coloring OFF on input line 6062.
Package hyperref Info: Link coloring with OCG OFF on input line 6067.
Package hyperref Info: PDF/A mode OFF on input line 6072.
 (/opt/homebrew/Cellar/texlive/20230313_2/share/texmf-dist/tex/latex/base/atbegshi-ltx.sty
Package: atbegshi-ltx 2021/01/10 v1.0c Emulation of the original atbegshi
package with kernel methods
)
\Hy@abspage=\count281
\c@Item=\count282
\c@Hfootnote=\count283
)
Package hyperref Info: Driver (autodetected): hpdftex.
 (/opt/homebrew/Cellar/texlive/20230313_2/share/texmf-dist/tex/latex/hyperref/hpdftex.def
File: hpdftex.def 2023-02-07 v7.00v Hyperref driver for pdfTeX
 (/opt/homebrew/Cellar/texlive/20230313_2/share/texmf-dist/tex/latex/base/atveryend-ltx.sty
Package: atveryend-ltx 2020/08/19 v1.0a Emulation of the original atveryend package
with kernel methods
)
\Fld@listcount=\count284
\c@bookmark@seq@number=\count285
 (/opt/homebrew/Cellar/texlive/20230313_2/share/texmf-dist/tex/latex/rerunfilecheck/rerunfilecheck.sty
Package: rerunfilecheck 2022-07-10 v1.10 Rerun checks for auxiliary files (HO)
 (/opt/homebrew/Cellar/texlive/20230313_2/share/texmf-dist/tex/generic/uniquecounter/uniquecounter.sty
Package: uniquecounter 2019/12/15 v1.4 Provide unlimited unique counter (HO)
)
Package uniquecounter Info: New unique counter `rerunfilecheck' on input line 285.
)
\Hy@SectionHShift=\skip54
) (/opt/homebrew/Cellar/texlive/20230313_2/share/texmf-dist/tex/latex/tools/longtable.sty
Package: longtable 2021-09-01 v4.17 Multi-page Table package (DPC)
\LTleft=\skip55
\LTright=\skip56
\LTpre=\skip57
\LTpost=\skip58
\LTchunksize=\count286
\LTcapwidth=\dimen157
\LT@head=\box59
\LT@firsthead=\box60
\LT@foot=\box61
\LT@lastfoot=\box62
\LT@gbox=\box63
\LT@cols=\count287
\LT@rows=\count288
\c@LT@tables=\count289
\c@LT@chunks=\count290
\LT@p@ftn=\toks20
) (/opt/homebrew/Cellar/texlive/20230313_2/share/texmf-dist/tex/latex/tools/array.sty
Package: array 2022/09/04 v2.5g Tabular extension package (FMi)
\col@sep=\dimen158
\ar@mcellbox=\box64
\extrarowheight=\dimen159
\NC@list=\toks21
\extratabsurround=\skip59
\backup@length=\skip60
\ar@cellbox=\box65
) (/opt/homebrew/Cellar/texlive/20230313_2/share/texmf-dist/tex/latex/multirow/multirow.sty
Package: multirow 2021/03/15 v2.8 Span multiple rows of a table
\multirow@colwidth=\skip61
\multirow@cntb=\count291
\multirow@dima=\skip62
\bigstrutjot=\dimen160
) (/opt/homebrew/Cellar/texlive/20230313_2/share/texmf-dist/tex/latex/appendix/appendix.sty
Package: appendix 2020/02/08 v1.2c extra appendix facilities
\c@@pps=\count292
\c@@ppsavesec=\count293
\c@@ppsaveapp=\count294
) (/opt/homebrew/Cellar/texlive/20230313_2/share/texmf-dist/tex/latex/graphics/rotating.sty
Package: rotating 2016/08/11 v2.16d rotated objects in LaTeX
 (/opt/homebrew/Cellar/texlive/20230313_2/share/texmf-dist/tex/latex/base/ifthen.sty
Package: ifthen 2022/04/13 v1.1d Standard LaTeX ifthen package (DPC)
)
\c@r@tfl@t=\count295
\rotFPtop=\skip63
\rotFPbot=\skip64
\rot@float@box=\box66
\rot@mess@toks=\toks22
) (/opt/homebrew/Cellar/texlive/20230313_2/share/texmf-dist/tex/latex/enumitem/enumitem.sty
Package: enumitem 2019/06/20 v3.9 Customized lists
\labelindent=\skip65
\enit@outerparindent=\dimen161
\enit@toks=\toks23
\enit@inbox=\box67
\enit@count@id=\count296
\enitdp@description=\count297
) (./Cybermycelium-Big-Data-Research.aux)
\openout1 = `Cybermycelium-Big-Data-Research.aux'.

LaTeX Font Info:    Checking defaults for OML/cmm/m/it on input line 57.
LaTeX Font Info:    ... okay on input line 57.
LaTeX Font Info:    Checking defaults for OMS/cmsy/m/n on input line 57.
LaTeX Font Info:    ... okay on input line 57.
LaTeX Font Info:    Checking defaults for OT1/cmr/m/n on input line 57.
LaTeX Font Info:    ... okay on input line 57.
LaTeX Font Info:    Checking defaults for T1/cmr/m/n on input line 57.
LaTeX Font Info:    ... okay on input line 57.
LaTeX Font Info:    Checking defaults for TS1/cmr/m/n on input line 57.
LaTeX Font Info:    ... okay on input line 57.
LaTeX Font Info:    Checking defaults for OMX/cmex/m/n on input line 57.
LaTeX Font Info:    ... okay on input line 57.
LaTeX Font Info:    Checking defaults for U/cmr/m/n on input line 57.
LaTeX Font Info:    ... okay on input line 57.
LaTeX Font Info:    Checking defaults for PD1/pdf/m/n on input line 57.
LaTeX Font Info:    ... okay on input line 57.
LaTeX Font Info:    Checking defaults for PU/pdf/m/n on input line 57.
LaTeX Font Info:    ... okay on input line 57.
 (/opt/homebrew/Cellar/texlive/20230313_2/share/texmf-dist/tex/context/base/mkii/supp-pdf.mkii
[Loading MPS to PDF converter (version 2006.09.02).]
\scratchcounter=\count298
\scratchdimen=\dimen162
\scratchbox=\box68
\nofMPsegments=\count299
\nofMParguments=\count300
\everyMPshowfont=\toks24
\MPscratchCnt=\count301
\MPscratchDim=\dimen163
\MPnumerator=\count302
\makeMPintoPDFobject=\count303
\everyMPtoPDFconversion=\toks25
) (/opt/homebrew/Cellar/texlive/20230313_2/share/texmf-dist/tex/latex/epstopdf-pkg/epstopdf-base.sty
Package: epstopdf-base 2020-01-24 v2.11 Base part for package epstopdf
Package epstopdf-base Info: Redefining graphics rule for `.eps' on input line 485.
 (/opt/homebrew/Cellar/texlive/20230313_2/share/texmf-dist/tex/latex/latexconfig/epstopdf-sys.cfg
File: epstopdf-sys.cfg 2010/07/13 v1.3 Configuration of (r)epstopdf for TeX Live
))
Package hyperref Info: Link coloring OFF on input line 57.
 (./Cybermycelium-Big-Data-Research.out) (./Cybermycelium-Big-Data-Research.out)
\@outlinefile=\write4
\openout4 = `Cybermycelium-Big-Data-Research.out'.

LaTeX Font Info:    External font `cmex10' loaded for size
(Font)              <7> on input line 80.
LaTeX Font Info:    External font `cmex10' loaded for size
(Font)              <5> on input line 80.
LaTeX Font Info:    External font `cmex10' loaded for size
(Font)              <8> on input line 80.
LaTeX Font Info:    External font `cmex10' loaded for size
(Font)              <6> on input line 80.

Overfull \hbox (2.22221pt too wide) has occurred while \output is active
[] 
 []

[1


{/opt/homebrew/Cellar/texlive/20230313_2/share/texmf-dist/fonts/map/pdftex/updmap/pdftex.map}]
Overfull \hbox (0.90683pt too wide) in paragraph at lines 91--92
[]\OT1/cmr/m/n/10 Recent sur-veys un-der-score the chal-lenges in BD im-ple-men-ta-tions. Databricks
 []

[2] [3] [4] [5] [6] [7] [8] [9] [10]

LaTeX Warning: Reference `appendixA:RA-classification' on page 11 undefined on input line 214.

[11] [12]
Overfull \hbox (2.16508pt too wide) in paragraph at lines 243--244
[]\OT1/cmr/m/n/10 The ini-tial SLR in-cluded IEEE Ex-plore, Sci-enceDi-rect, Springer-Link, ACM
 []

[13] [14]

LaTeX Warning: Reference `fig:PRISMA' on page 15 undefined on input line 305.

[15]

LaTeX Warning: Reference `fig:SLRStats' on page 16 undefined on input line 308.


LaTeX Warning: Reference `appendixA:SLR' on page 16 undefined on input line 311.

[16]
Overfull \hbox (17.15799pt too wide) in paragraph at lines 315--316
\OT1/cmr/m/n/10 nents iden-ti-fied in the pre-ced-ing phases of the re-search. Uti-liz-ing the ISO/IEC/IEEE
 []


LaTeX Warning: Reference `identification-data-sources' on page 17 undefined on input line 317.


LaTeX Warning: Reference `data-synthesis' on page 17 undefined on input line 317.


Overfull \hbox (7.25064pt too wide) in paragraph at lines 319--320
[]\OT1/cmr/m/n/10 The uti-liza-tion of Archi-mate's di-verse view-points pro-vided a multi-dimensional
 []

[17] [18]
Overfull \hbox (10.85448pt too wide) in paragraph at lines 361--362
\OT1/cmr/m/n/10 'mas-sive' be-ing de-fined as data sets rang-ing from ter-abytes to petabytes
 []

[19] [20] [21] [22]
Overfull \hbox (0.74132pt too wide) in paragraph at lines 441--442
\OT1/cmr/m/n/10 makes scal-ing these sys-tems very dif-fi-cult. The pro-lif-er-a-tion of data sources
 []

[23] [24] [25] [26] [27] [28] [29] [30] [31]

LaTeX Warning: Reference `fig:data-facets' on page 32 undefined on input line 542.

[32] [33] [34] [35]

LaTeX Warning: Reference `fig:Cybermycelium Product Domain Design' on page 36 undefined on input line 586.


LaTeX Warning: Reference `fig:Cybermycelium' on page 36 undefined on input line 595.

[36] [37] [38] [39] [40] [41] [42] [43] [44]
Overfull \hbox (0.5494pt too wide) in paragraph at lines 669--670
[]\OT1/cmr/bx/n/10 Variable Com-po-nents Guid-ance: \OT1/cmr/m/n/10 For ap-pli-ca-tions with a nar-row scope
 []

[45] [46] [47]

LaTeX Warning: Reference `fig:decisionMakingTree' on page 48 undefined on input line 698.

[48]
Overfull \hbox (4.63934pt too wide) in paragraph at lines 724--725
[]\OT1/cmr/m/n/10 While we could have achieved this with tech-ni-cal ac-tion re-search or lightweight
 []

[49]

LaTeX Warning: Reference `TechnologyEvaluationMatrix' on page 50 undefined on input line 731.

[50]
Underfull \hbox (badness 10000) in paragraph at lines 745--745
[]|\OT1/cmr/m/n/10 Stream Pro-cess-ing
 []


Underfull \hbox (badness 10000) in paragraph at lines 745--745
[]|\OT1/cmr/m/n/10 AWS Lamb-das,
 []


Underfull \hbox (badness 10000) in paragraph at lines 751--751
[]|\OT1/cmr/m/n/10 AWS Ap-pli-ca-tion
 []


Underfull \hbox (badness 10000) in paragraph at lines 751--751
\OT1/cmr/m/n/10 Load Bal-ancer,
 []


Overfull \hbox (19.80666pt too wide) in paragraph at lines 737--760
 [][] 
 []

[51] [52]

LaTeX Warning: Reference `fig:utility-tree' on page 53 undefined on input line 796.

[53] [54{/opt/homebrew/Cellar/texlive/20230313_2/share/texmf-dist/fonts/enc/dvips/cm-super/cm-super-ts1.enc}] [55] [56] [57] [58] [59] [60] [61] [62] [63] [64] [65] [66] (./Cybermycelium-Big-Data-Research.bbl [67]
Underfull \hbox (badness 10000) in paragraph at lines 24--26
\OT1/cmr/m/n/10 URL []$\OT1/cmtt/m/n/10 https : / / databricks . com / p / whitepaper /
 []


Underfull \hbox (badness 10000) in paragraph at lines 28--30
\OT1/cmr/m/n/10 URL []$\OT1/cmtt/m/n/10 https : / / www . supplychain247 . com / paper / big _ data _ and _ ai _
 []

[68]
Underfull \hbox (badness 5288) in paragraph at lines 64--67
\OT1/cmr/m/n/10 URL []$\OT1/cmtt/m/n/10 https : / / doi . ieeecomputersociety . org / 10 . 1109 / APSEC53868 .
 []

[69] [70] [71]
Underfull \hbox (badness 10000) in paragraph at lines 145--147
\OT1/cmr/m/n/10 URL []$\OT1/cmtt/m/n/10 https : / / www . thoughtworks . com / about-[]us / events /
 []


Underfull \hbox (badness 10000) in paragraph at lines 153--155
\OT1/cmr/m/n/10 URL []$\OT1/cmtt/m/n/10 https : / / www . confluent . io / events /
 []

[72]
Underfull \hbox (badness 10000) in paragraph at lines 190--192
\OT1/cmr/m/n/10 URL []$\OT1/cmtt/m/n/10 https : / / www . qsrinternational . com /
 []

[73] [74] [75]
Underfull \hbox (badness 10000) in paragraph at lines 282--284
\OT1/cmr/m/n/10 URL []$\OT1/cmtt/m/n/10 https : / / www . thoughtworks . com / insights / articles /
 []

[76]
Underfull \hbox (badness 10000) in paragraph at lines 295--297
\OT1/cmr/m/n/10 URL []$\OT1/cmtt/m/n/10 https : / / www . oreilly . com / radar /
 []


Underfull \hbox (badness 10000) in paragraph at lines 305--307
\OT1/cmr/m/n/10 URL []$\OT1/cmtt/m/n/10 https : / / www . oracle . com / technetwork / topics / entarch /
 []


Overfull \hbox (152.63399pt too wide) in paragraph at lines 318--320
\OT1/cmr/m/n/10 URL []$\OT1/cmtt/m/n/10 https : / / www . amazon . com / Building-[]Event-[]Driven-[]Microservices-[]Leveraging-[]Organizational /
 []


Underfull \hbox (badness 10000) in paragraph at lines 318--320
\OT1/cmtt/m/n/10 dp / 1492057894 / ref = sr _ 1 _ 1 ? crid = 1WQYXJT85E0CL & keywords = event +
 []


Underfull \hbox (badness 10000) in paragraph at lines 318--320
\OT1/cmtt/m/n/10 driven + microservices & qid = 1647139910 & sprefix = event + driven +
 []

[77]
Underfull \hbox (badness 3128) in paragraph at lines 328--330
\OT1/cmr/m/n/10 URL []$\OT1/cmtt/m/n/10 https : / / martinfowler . com / articles / data-[]mesh-[]principles .
 []

[78]
Underfull \hbox (badness 10000) in paragraph at lines 359--361
\OT1/cmr/m/n/10 URL []$\OT1/cmtt/m/n/10 https : / / www . gnu . org / software / make / manual / make . html #
 []


Underfull \hbox (badness 10000) in paragraph at lines 366--367
[]\OT1/cmr/m/n/10 Cybermycelium Tem-plates and Scripts, Anonymized
 []


Underfull \hbox (badness 10000) in paragraph at lines 366--367
\OT1/cmr/m/n/10 Repos-i-tory, []$\OT1/cmtt/m/n/10 https : / / anonymous . 4open . science / r /
 []


Overfull \hbox (83.88458pt too wide) in paragraph at lines 375--377
\OT1/cmr/m/n/10 URL []$\OT1/cmtt/m/n/10 https : / / www . amazon . com / Microservices-[]Patterns-[]examples-[]Chris-[]Richardson /
 []


Underfull \hbox (badness 10000) in paragraph at lines 375--377
\OT1/cmtt/m/n/10 dp / 1617294543 / ref = tmm _ pap _ swatch _ 0 ? _encoding = UTF8 & qid =
 []

) [79] (./Cybermycelium-Big-Data-Research.aux)

LaTeX Warning: There were undefined references.

Package rerunfilecheck Info: File `Cybermycelium-Big-Data-Research.out' has not changed.
(rerunfilecheck)             Checksum: 99CEC4D61B45231E56FEA3540D3CE535;12818.
 ) 
Here is how much of TeX's memory you used:
 11101 strings out of 476025
 181778 string characters out of 5779036
 1865388 words of memory out of 5000000
 31068 multiletter control sequences out of 15000+600000
 516566 words of font info for 46 fonts, out of 8000000 for 9000
 1141 hyphenation exceptions out of 8191
 75i,10n,76p,1841b,985s stack positions out of 10000i,1000n,20000p,200000b,200000s
</opt/homebrew/Cellar/texlive/20230313_2/share/texmf-dist/fonts/type1/public/amsfonts/cm/cmbx10.pfb></opt/homebrew/Cellar/texlive/20230313_2/share/texmf-dist/fonts/type1/public/amsfonts/cm/cmmi10.pfb></opt/homebrew/Cellar/texlive/20230313_2/share/texmf-dist/fonts/type1/public/amsfonts/cm/cmr10.pfb></opt/homebrew/Cellar/texlive/20230313_2/share/texmf-dist/fonts/type1/public/amsfonts/cm/cmr12.pfb></opt/homebrew/Cellar/texlive/20230313_2/share/texmf-dist/fonts/type1/public/amsfonts/cm/cmr7.pfb></opt/homebrew/Cellar/texlive/20230313_2/share/texmf-dist/fonts/type1/public/amsfonts/cm/cmr8.pfb></opt/homebrew/Cellar/texlive/20230313_2/share/texmf-dist/fonts/type1/public/amsfonts/cm/cmss8.pfb></opt/homebrew/Cellar/texlive/20230313_2/share/texmf-dist/fonts/type1/public/amsfonts/cm/cmti10.pfb></opt/homebrew/Cellar/texlive/20230313_2/share/texmf-dist/fonts/type1/public/amsfonts/cm/cmti7.pfb></opt/homebrew/Cellar/texlive/20230313_2/share/texmf-dist/fonts/type1/public/amsfonts/cm/cmti8.pfb></opt/homebrew/Cellar/texlive/20230313_2/share/texmf-dist/fonts/type1/public/amsfonts/cm/cmtt10.pfb></opt/homebrew/Cellar/texlive/20230313_2/share/texmf-dist/fonts/type1/public/cm-super/sfrm1000.pfb>
Output written on Cybermycelium-Big-Data-Research.pdf (79 pages, 359851 bytes).
PDF statistics:
 1233 PDF objects out of 1440 (max. 8388607)
 1116 compressed objects within 12 object streams
 360 named destinations out of 1000 (max. 500000)
 537 words of extra memory for PDF output out of 10000 (max. 10000000)

